     1 00000000                                 ; hello-os
     2 00000000                                 ; TAB=4
     3 00000000                                 
     4                                          	ORG   0x7c00		; 指明程序的装载地址
     5 00007C00                                 
     6 00007C00                                 ; 以下的记述用于标准FAT12格式的软盘
     7 00007C00                                 
     8 00007C00 EB 49                           	JMP	  	entry
     9 00007C02 90                              	DB	  	0x90
    10 00007C03 0200                            	DW	  	512
    11 00007C05 01                              	DB	  	1
    12 00007C06 0001                            	DW	  	1
    13 00007C08 02                              	DB	  	2
    14 00007C09 00E0                            	DW	  	224
    15 00007C0B 0B40                            	DW	  	2880
    16 00007C0D F0                              	DB	  	0xf0
    17 00007C0E 0009                            	DW	  	9
    18 00007C10 0012                            	DW	  	18
    19 00007C12 0002                            	DW	  	2
    20 00007C14 00000000                        	DD	  	0
    21 00007C18 00000B40                        	DD	  	2880
    22 00007C1C 00 00 29                        	DB	  	0,0,0x29
    23 00007C1F FFFFFFFF                        	DD	  	0xffffffff
    24 00007C23 48 45 4C 4C 4F 2D 4F 53 20 20   	DB	  	"HELLO-OS   "
       00007C2D 20 
    25 00007C2E 48 45 4C 4C 4F 2D 4F 53 20 20   	DB	  	"HELLO-OS   "
       00007C38 20 
    26 00007C39 00 00 00 00 00 00 00 00 00 00   	RESB  	18
       00007C43 00 00 00 00 00 00 00 00 
    27 00007C4B                                 
    28 00007C4B                                 ; 程序核心
    29 00007C4B                                 
    30 00007C4B                                 entry:
    31 00007C4B B8 0000                         	MOV		AX,0			; 初始化寄存器
    32 00007C4E 8E D0                           	MOV 	SS,AX
    33 00007C50 BC 7C00                         	MOV 	SP,0x7c00
    34 00007C53 8E D8                           	MOV 	DS,AX
    35 00007C55 8E C0                           	MOV 	ES,AX
    36 00007C57                                 
    37 00007C57 BE 7C6F                         	MOV	    SI,msg
    38 00007C5A                                 
    39 00007C5A                                 ; 显示一个字符的示例代码[C风格]：
    40 00007C5A                                 ;	AH = 0x0e;
    41 00007C5A                                 ;	AL = charactor code
    42 00007C5A                                 ;	BH = 0;
    43 00007C5A                                 ;	BL = color code
    44 00007C5A                                 ;	返回值：无
    45 00007C5A                                 ;	注：beep、退格(back space)、CR、LF都会被当做控制字符处理
    46 00007C5A                                 ; 按照上面这个步骤，往寄存器里写入各种值，再调用INI 0x10，
    47 00007C5A                                 ; 就能顺利地在屏幕上显示一个字符出来。
    48 00007C5A                                 
    49 00007C5A                                 putloop:
    50 00007C5A 8A 04                           	MOV		AL,[SI]
    51 00007C5C 83 C6 01                        	ADD		SI,1			; 给SI加1
    52 00007C5F 3C 00                           	CMP		AL,0
    53 00007C61 74 09                           	JE		fin
    54 00007C63 B4 0E                           	MOV		AH,0x0e			; 显示一个文字
    55 00007C65 BB 000F                         	MOV		BX,15			; 指定字符颜色
    56 00007C68 CD 10                           	INT		0x10			; 调用显卡BIOS
    57 00007C6A EB EE                           	JMP		putloop
    58 00007C6C                                 
    59 00007C6C                                 fin:
    60 00007C6C F4                              	HLT						; 让CPU停止，等待指令
    61 00007C6D EB FD                           	JMP		fin				; 无限循环
    62 00007C6F                                 
    63 00007C6F                                 msg:
    64 00007C6F 0A 0A                           	DB		0x0a, 0x0a		; 换行2次
    65 00007C71 68 65 6C 6C 6F 2C 20 70 72 65   	DB		"hello, pretty OS"
       00007C7B 74 74 79 20 4F 53 
    66 00007C81 0A                              	DB		0x0a			; 换行
    67 00007C82 00                              	DB		0
    68 00007C83                                 
    69 00007C83 00 00 00 00 00 00 00 00 00 00   	RESB	0x7dfe-$
       00007C8D 00 00 00 00 00 00 00 00 00 00 
       00007C97 00 00 00 00 00 00 00 00 00 00 
       00007CA1 00 00 00 00 00 00 00 00 00 00 
       00007CAB 00 00 00 00 00 00 00 00 00 00 
       00007CB5 00 00 00 00 00 00 00 00 00 00 
       00007CBF 00 00 00 00 00 00 00 00 00 00 
       00007CC9 00 00 00 00 00 00 00 00 00 00 
       00007CD3 00 00 00 00 00 00 00 00 00 00 
       00007CDD 00 00 00 00 00 00 00 00 00 00 
       00007CE7 00 00 00 00 00 00 00 00 00 00 
       00007CF1 00 00 00 00 00 00 00 00 00 00 
       00007CFB 00 00 00 00 00 00 00 00 00 00 
       00007D05 00 00 00 00 00 00 00 00 00 00 
       00007D0F 00 00 00 00 00 00 00 00 00 00 
       00007D19 00 00 00 00 00 00 00 00 00 00 
       00007D23 00 00 00 00 00 00 00 00 00 00 
       00007D2D 00 00 00 00 00 00 00 00 00 00 
       00007D37 00 00 00 00 00 00 00 00 00 00 
       00007D41 00 00 00 00 00 00 00 00 00 00 
       00007D4B 00 00 00 00 00 00 00 00 00 00 
       00007D55 00 00 00 00 00 00 00 00 00 00 
       00007D5F 00 00 00 00 00 00 00 00 00 00 
       00007D69 00 00 00 00 00 00 00 00 00 00 
       00007D73 00 00 00 00 00 00 00 00 00 00 
       00007D7D 00 00 00 00 00 00 00 00 00 00 
       00007D87 00 00 00 00 00 00 00 00 00 00 
       00007D91 00 00 00 00 00 00 00 00 00 00 
       00007D9B 00 00 00 00 00 00 00 00 00 00 
       00007DA5 00 00 00 00 00 00 00 00 00 00 
       00007DAF 00 00 00 00 00 00 00 00 00 00 
       00007DB9 00 00 00 00 00 00 00 00 00 00 
       00007DC3 00 00 00 00 00 00 00 00 00 00 
       00007DCD 00 00 00 00 00 00 00 00 00 00 
       00007DD7 00 00 00 00 00 00 00 00 00 00 
       00007DE1 00 00 00 00 00 00 00 00 00 00 
       00007DEB 00 00 00 00 00 00 00 00 00 00 
       00007DF5 00 00 00 00 00 00 00 00 00 
    70 00007DFE 55 AA                           	DB		0x55, 0xaa